#! /usr/bin/vvp
:ivl_version "10.3 (stable)";
:ivl_delay_selection "TYPICAL";
:vpi_time_precision - 9;
:vpi_module "system";
:vpi_module "vhdl_sys";
:vpi_module "v2005_math";
:vpi_module "va_math";
S_0x55a93a0d2130 .scope module, "Multiplexer_tb" "Multiplexer_tb" 2 4;
 .timescale -9 -9;
v0x55a93a119d10_0 .var "u", 0 0;
v0x55a93a119dd0_0 .var "v", 0 0;
v0x55a93a119ea0_0 .var "x", 0 0;
v0x55a93a119fa0_0 .net "z", 0 0, L_0x55a93a11a330;  1 drivers
S_0x55a93a0d22b0 .scope module, "mux" "multiplexer_struct" 2 8, 3 3 0, S_0x55a93a0d2130;
 .timescale -9 -9;
    .port_info 0 /INPUT 1 "x"
    .port_info 1 /INPUT 1 "u"
    .port_info 2 /INPUT 1 "v"
    .port_info 3 /OUTPUT 1 "z"
L_0x55a93a11a070 .functor NOT 1, v0x55a93a119ea0_0, C4<0>, C4<0>, C4<0>;
L_0x55a93a11a160 .functor AND 1, v0x55a93a119ea0_0, v0x55a93a119d10_0, C4<1>, C4<1>;
L_0x55a93a11a220 .functor AND 1, L_0x55a93a11a070, v0x55a93a119dd0_0, C4<1>, C4<1>;
L_0x55a93a11a330 .functor OR 1, L_0x55a93a11a160, L_0x55a93a11a220, C4<0>, C4<0>;
v0x55a93a108630_0 .net "s0", 0 0, L_0x55a93a11a160;  1 drivers
v0x55a93a1197b0_0 .net "s1", 0 0, L_0x55a93a11a220;  1 drivers
v0x55a93a119870_0 .net "u", 0 0, v0x55a93a119d10_0;  1 drivers
v0x55a93a119940_0 .net "v", 0 0, v0x55a93a119dd0_0;  1 drivers
v0x55a93a119a00_0 .net "x", 0 0, v0x55a93a119ea0_0;  1 drivers
v0x55a93a119b10_0 .net "x_bar", 0 0, L_0x55a93a11a070;  1 drivers
v0x55a93a119bd0_0 .net "z", 0 0, L_0x55a93a11a330;  alias, 1 drivers
    .scope S_0x55a93a0d2130;
T_0 ;
    %vpi_call 2 11 "$dumpfile", "Multiplexer_tb.vcd" {0 0 0};
    %vpi_call 2 12 "$dumpvars", 32'sb00000000000000000000000000000000, S_0x55a93a0d2130 {0 0 0};
    %pushi/vec4 1, 0, 1;
    %store/vec4 v0x55a93a119ea0_0, 0, 1;
    %pushi/vec4 0, 0, 1;
    %store/vec4 v0x55a93a119d10_0, 0, 1;
    %pushi/vec4 0, 0, 1;
    %store/vec4 v0x55a93a119dd0_0, 0, 1;
    %delay 20, 0;
    %pushi/vec4 1, 0, 1;
    %store/vec4 v0x55a93a119ea0_0, 0, 1;
    %pushi/vec4 1, 0, 1;
    %store/vec4 v0x55a93a119d10_0, 0, 1;
    %pushi/vec4 0, 0, 1;
    %store/vec4 v0x55a93a119dd0_0, 0, 1;
    %delay 20, 0;
    %pushi/vec4 1, 0, 1;
    %store/vec4 v0x55a93a119ea0_0, 0, 1;
    %delay 20, 0;
    %pushi/vec4 0, 0, 1;
    %store/vec4 v0x55a93a119ea0_0, 0, 1;
    %delay 20, 0;
    %vpi_call 2 18 "$display", "end of test." {0 0 0};
    %end;
    .thread T_0;
# The file index is used to find the file name in the following table.
:file_names 4;
    "N/A";
    "<interactive>";
    "Multiplexer_tb.v";
    "./Multiplexer.v";
