INFO:sim:172 - Generating IP...
Applying current project options...
Finished applying current project options.
Resolving generics for 'myBrom'...
WARNING:sim - A core named 'myBrom' already exists in the project. Output
   products for this core may be overwritten.
Applying external generics to 'myBrom'...
Delivering associated files for 'myBrom'...
Delivering EJava files for 'myBrom'...
Generating implementation netlist for 'myBrom'...
INFO:sim - Pre-processing HDL files for 'myBrom'...
Running synthesis for 'myBrom'
Running ngcbuild...
Writing VEO instantiation template for 'myBrom'...
Writing Verilog behavioral simulation model for 'myBrom'...
WARNING:sim - Overwriting existing file
   C:/Users/Abhinandan/Desktop/Kgp/Class/3rd yr/5th sem/COA
   Lab/Github/COA/Assn7/version/RISC_KGP_v3/RISC_KGP_v3/ipcore_dir/tmp/_cg/myBro
   m/doc/blk_mem_gen_v7_3_vinfo.html with file from view xilinx_documentation
Delivered 1 file into directory C:/Users/Abhinandan/Desktop/Kgp/Class/3rd yr/5th
sem/COA
Lab/Github/COA/Assn7/version/RISC_KGP_v3/RISC_KGP_v3/ipcore_dir/tmp/_cg/myBrom
Generating ASY schematic symbol...
INFO:sim:949 - Finished generation of ASY schematic symbol.
Generating SYM schematic symbol for 'myBrom'...
Generating metadata file...
Regenerating ISE project file for 'myBrom'...
Generating ISE project...
XCO file found: myBrom.xco
XMDF file found: myBrom_xmdf.tcl
Adding C:/Users/Abhinandan/Desktop/Kgp/Class/3rd yr/5th sem/COA
Lab/Github/COA/Assn7/version/RISC_KGP_v3/RISC_KGP_v3/ipcore_dir/tmp/_cg/myBrom.a
sy -view all -origin_type imported
Adding C:/Users/Abhinandan/Desktop/Kgp/Class/3rd yr/5th sem/COA
Lab/Github/COA/Assn7/version/RISC_KGP_v3/RISC_KGP_v3/ipcore_dir/tmp/_cg/myBrom.n
gc -view all -origin_type created
Checking file "C:/Users/Abhinandan/Desktop/Kgp/Class/3rd yr/5th sem/COA
Lab/Github/COA/Assn7/version/RISC_KGP_v3/RISC_KGP_v3/ipcore_dir/tmp/_cg/myBrom.n
gc" for project device match ...
File "C:/Users/Abhinandan/Desktop/Kgp/Class/3rd yr/5th sem/COA
Lab/Github/COA/Assn7/version/RISC_KGP_v3/RISC_KGP_v3/ipcore_dir/tmp/_cg/myBrom.n
gc" device information matches project device.
Adding C:/Users/Abhinandan/Desktop/Kgp/Class/3rd yr/5th sem/COA
Lab/Github/COA/Assn7/version/RISC_KGP_v3/RISC_KGP_v3/ipcore_dir/tmp/_cg/myBrom.s
ym -view all -origin_type imported
Adding C:/Users/Abhinandan/Desktop/Kgp/Class/3rd yr/5th sem/COA
Lab/Github/COA/Assn7/version/RISC_KGP_v3/RISC_KGP_v3/ipcore_dir/tmp/_cg/myBrom.v
-view all -origin_type created
INFO:HDLCompiler:1845 - Analyzing Verilog file
   "C:/Users/Abhinandan/Desktop/Kgp/Class/3rd yr/5th sem/COA
   Lab/Github/COA/Assn7/version/RISC_KGP_v3/RISC_KGP_v3/ipcore_dir/tmp/_cg/myBro
   m.v" into library work
INFO:ProjectMgmt - Parsing design hierarchy completed successfully.
Adding C:/Users/Abhinandan/Desktop/Kgp/Class/3rd yr/5th sem/COA
Lab/Github/COA/Assn7/version/RISC_KGP_v3/RISC_KGP_v3/ipcore_dir/tmp/_cg/myBrom.v
eo -view all -origin_type imported
INFO:TclTasksC:2116 - The automatic calculation of top has been turned-off.
   Please set the new top explicitly by running the "project set top" command.
   To re-calculate the new top automatically, set the "Auto Implementation Top"
   property to true.
Top level has been set to "/myBrom"
Generating README file...
Generating FLIST file...
INFO:sim:948 - Finished FLIST file generation.
Moving files to output directory...
Finished moving files to output directory
Wrote CGP file for project 'myBrom'.
